[2024/11/10 04:50:26]: §9          __             _       
[2024/11/10 04:50:26]: §9  _ __   / /  ___   __ _(_)_ __  
[2024/11/10 04:50:26]: §9 | '_ \ / /  / _ \ / _` | | '_ \ 
[2024/11/10 04:50:26]: §9 | | | / /__| (_) | (_| | | | | |
[2024/11/10 04:50:26]: §9 |_| |_\____/\___/ \__, |_|_| |_|
[2024/11/10 04:50:26]: §9                  |___/            
[2024/11/10 04:50:26]: §9 By: www.nickuc.com - V 10.4.13 DEVELOPMENT
[2024/11/10 04:50:26]: §9 
[2024/11/10 04:50:27]: §3[nLogin] [DEBUG] All settings were loaded in 212 ms.
[2024/11/10 04:50:27]: §3[nLogin] [DEBUG] Loading the messages_es.yml message file...
[2024/11/10 04:50:27]: §3[nLogin] [DEBUG] All plugin messages were loaded in 198 ms (languageByClient=false).
[2024/11/10 04:50:27]: §3[nLogin] [DEBUG] All proxy settings were loaded in 0 ms.
[2024/11/10 04:50:27]: §3[nLogin] [DEBUG] Loading database...
[2024/11/10 04:50:27]: §3[nLogin] [DEBUG] Starting logger filter...
[2024/11/10 04:50:51]: 
[2024/11/10 04:50:51]:  §bThank you so much for choosing nLogin! §4<3
[2024/11/10 04:50:51]: 
[2024/11/10 04:50:51]:  §4For your safety, please read the message below:
[2024/11/10 04:50:51]:   §cNever download nLogin from unknown sources.
[2024/11/10 04:50:51]:   §cA modified version may contain malicious software.
[2024/11/10 04:50:51]: 
[2024/11/10 04:50:51]:  §3Trusted sources:
[2024/11/10 04:50:51]:   §bwww.nickuc.com
[2024/11/10 04:50:51]:   §bwww.github.com/nickuc
[2024/11/10 04:50:51]:   §bOpeNLogin installer (from Spigot or GitHub)
[2024/11/10 04:50:51]: 
[2024/11/10 04:50:51]:  §3Official support channels:
[2024/11/10 04:50:51]:   §bDiscord group: §fwww.nickuc.com/discord
[2024/11/10 04:50:51]:   §bDocumentation: §fdocs.nickuc.com/nlogin/
[2024/11/10 04:50:51]:   §bEmail: §fsupport@nickuc.com
[2024/11/10 04:50:51]:   §bYouTube: §fyoutube.com/nickuc
[2024/11/10 04:50:51]: 
[2024/11/10 04:50:51]:  §eTo remove this warning, log in with "nlogin.admin" permission on the server
[2024/11/10 04:50:51]:  §eand click the "Setup plugin" button to configure your plugin.
[2024/11/10 04:50:51]: 
[2024/11/10 04:52:13]: §3[nLogin] [DEBUG] [SQLite] [UPDATE]: "INSERT INTO `nlogin` (`last_name`, `unique_id`, `mojang_id`, `bedrock_id`, `password`, `last_ip`, `creation_date`, `last_seen`, `email`, `discord`, `settings`) VALUES ('C4M1LL3', f2a6e6c5bef731658089b7ba84fc2444, null, null, '$2a$10$uOZXVP8qKL9DlDmpoySLF.55Pykd/9B1tcCtU65Q2Vs7wG5KIiuAK', '181.237.191.248', '2024-11-10 04:52:13.058', '2024-11-10 04:52:13.058', null, null, null)" (applied to all columns)
[2024/11/10 04:52:13]: §3[nLogin] [DEBUG] Loading the messages_en.yml message file...
[2024/11/10 04:52:13]: [nLogin] The user C4M1LL3 has successfully registered.
[2024/11/10 04:52:31]: §3[nLogin] [DEBUG] All settings were loaded in 79 ms.
[2024/11/10 04:52:31]: §3[nLogin] [DEBUG] Loading the messages_en.yml message file...
[2024/11/10 04:52:31]: §3[nLogin] [DEBUG] The file config.yml was migrated to en language.
[2024/11/10 04:52:31]: §3[nLogin] [DEBUG] All plugin messages were loaded in 61 ms (languageByClient=false).
[2024/11/10 04:52:31]: §3[nLogin] [DEBUG] All proxy settings were loaded in 0 ms.
[2024/11/10 04:52:56]: §4[nLogin] [ERROR] §cUnexpected error during sending plugin message via ProtocolLib
java.lang.ExceptionInInitializerError
	at com.comphenix.protocol.wrappers.CustomPacketPayloadWrapper.<clinit>(CustomPacketPayloadWrapper.java:93)
	at com.comphenix.protocol.events.AbstractStructure.getCustomPacketPayloads(AbstractStructure.java:978)
	at com.nickuc.login.πιμΦζΩτχβΦγυξΛ.a(:123)
	at com.nickuc.login.ξπξξςκγχ.b(:75)
	at com.nickuc.login.ξπξξςκγχ.a(:123)
	at com.nickuc.login.γδδΛζΨφδΠΛ.a(:71)
	at com.nickuc.login.ΩδψψλοτωΨΣπμζΩΠ.a(:89)
	at com.nickuc.login.ΩδψψλοτωΨΣπμζΩΠ.a(:51)
	at com.nickuc.login.ξφςηβςΦΓθβφεμα.a(:72)
	at com.nickuc.login.πΩφΠυθλλλγαψ.b(:76)
	at com.nickuc.login.ηΓωυυθΔυκπ.a(:49)
	at com.nickuc.login.ψψθςδχΔνΠ.a(:157)
	at com.nickuc.login.ξξοηλξνΨ.b(:92)
	at com.nickuc.login.ΨπξΣευΣΠγςτ.d(:118)
	at org.bukkit.craftbukkit.v1_21_R1.scheduler.CraftTask.run(CraftTask.java:82)
	at org.bukkit.craftbukkit.v1_21_R1.scheduler.CraftAsyncTask.run(CraftAsyncTask.java:54)
	at java.base/java.util.concurrent.ThreadPoolExecutor.runWorker(ThreadPoolExecutor.java:1144)
	at java.base/java.util.concurrent.ThreadPoolExecutor$Worker.run(ThreadPoolExecutor.java:642)
	at java.base/java.lang.Thread.run(Thread.java:1583)
Caused by: java.lang.IllegalArgumentException: Unable to find a method that matches {modifiers=[required: 0, banned: 1000], return={ type exactly class net.minecraft.resources.MinecraftKey }, paramCount=0}
	at com.comphenix.protocol.reflect.FuzzyReflection.getMethod(FuzzyReflection.java:193)
	at com.comphenix.protocol.wrappers.CustomPacketPayloadWrapper.<clinit>(CustomPacketPayloadWrapper.java:58)
	... 18 more
[2024/11/10 04:54:36]: §3[nLogin] [DEBUG] [SQLite] [UPDATE]: "UPDATE `nlogin` SET `last_name` = 'C4M1LL3', `unique_id` = f2a6e6c5bef731658089b7ba84fc2444,  `mojang_id` = null,  `bedrock_id` = null,  `password` = '$2a$10$uOZXVP8qKL9DlDmpoySLF.55Pykd/9B1tcCtU65Q2Vs7wG5KIiuAK', `last_ip` = '181.237.191.248', `creation_date` = 2024-11-10 04:52:13.058, `last_seen` = 2024-11-10 04:54:36.335, `email` = null, `discord` = null, `settings` = '{"settings":[{"value":"en","key":"language"}],"version":0}' WHERE `ai` = 1" (applied to [last_seen, settings] columns)
[2024/11/10 04:54:56]: §3[nLogin] [DEBUG] [SQLite] [UPDATE]: "UPDATE `nlogin` SET `last_name` = 'C4M1LL3', `unique_id` = f2a6e6c5bef731658089b7ba84fc2444,  `mojang_id` = null,  `bedrock_id` = null,  `password` = '$2a$10$uOZXVP8qKL9DlDmpoySLF.55Pykd/9B1tcCtU65Q2Vs7wG5KIiuAK', `last_ip` = '181.237.191.248', `creation_date` = 2024-11-10 04:52:13.058, `last_seen` = 2024-11-10 04:54:56.34, `email` = null, `discord` = null, `settings` = '{"settings":[{"value":"en","key":"language"}],"version":0}' WHERE `ai` = 1" (applied to [last_ip, last_seen, settings] columns)
[2024/11/10 04:54:56]: [nLogin] The user C4M1LL3 has successfully logged in.
[2024/11/10 04:57:38]: [nLogin] Successful plugin core shutdown (took 0.01s)
