[2024/11/10 04:47:38]: §9          __             _       
[2024/11/10 04:47:38]: §9  _ __   / /  ___   __ _(_)_ __  
[2024/11/10 04:47:38]: §9 | '_ \ / /  / _ \ / _` | | '_ \ 
[2024/11/10 04:47:38]: §9 | | | / /__| (_) | (_| | | | | |
[2024/11/10 04:47:38]: §9 |_| |_\____/\___/ \__, |_|_| |_|
[2024/11/10 04:47:38]: §9                  |___/            
[2024/11/10 04:47:38]: §9 By: www.nickuc.com - V 10.4.13 DEVELOPMENT
[2024/11/10 04:47:38]: §9 
[2024/11/10 04:47:38]: §3[nLogin] [DEBUG] The config.yml file was created successfully.
[2024/11/10 04:47:41]: §3[nLogin] [DEBUG] All settings were loaded in 3146 ms.
[2024/11/10 04:47:41]: §3[nLogin] [DEBUG] Loading the messages_es.yml message file...
[2024/11/10 04:47:41]: §3[nLogin] [DEBUG] All plugin messages were loaded in 195 ms (languageByClient=false).
[2024/11/10 04:47:41]: §3[nLogin] [DEBUG] All proxy settings were loaded in 0 ms.
[2024/11/10 04:47:41]: §3[nLogin] [DEBUG] Loading database...
[2024/11/10 04:47:41]: [nLogin] Generating RSA keypair... (this may take a while)
[2024/11/10 04:47:43]: [nLogin] The RSA key pair was successfully generated. Took 1.11s
[2024/11/10 04:47:43]: §3[nLogin] [DEBUG] Starting logger filter...
[2024/11/10 04:47:43]: [nLogin] Downloading ProtocolLib...
[2024/11/10 04:47:44]: [nLogin] *-----------------------------------------------*
[2024/11/10 04:47:44]: [nLogin]   ProtocolLib has been successfully downloaded.
[2024/11/10 04:47:44]: [nLogin]   Restarting server to apply changes...
[2024/11/10 04:47:44]: [nLogin] *-----------------------------------------------*
[2024/11/10 04:48:08]: [nLogin] Successful plugin core shutdown (took 0.01s)
