[2024/11/10 05:37:53]: §9          __             _       
[2024/11/10 05:37:53]: §9  _ __   / /  ___   __ _(_)_ __  
[2024/11/10 05:37:53]: §9 | '_ \ / /  / _ \ / _` | | '_ \ 
[2024/11/10 05:37:53]: §9 | | | / /__| (_) | (_| | | | | |
[2024/11/10 05:37:53]: §9 |_| |_\____/\___/ \__, |_|_| |_|
[2024/11/10 05:37:53]: §9                  |___/            
[2024/11/10 05:37:53]: §9 By: www.nickuc.com - V 10.4.13 DEVELOPMENT
[2024/11/10 05:37:53]: §9 
[2024/11/10 05:37:53]: §3[nLogin] [DEBUG] All settings were loaded in 179 ms.
[2024/11/10 05:37:53]: §3[nLogin] [DEBUG] Loading the messages_en.yml message file...
[2024/11/10 05:37:53]: §3[nLogin] [DEBUG] All plugin messages were loaded in 199 ms (languageByClient=false).
[2024/11/10 05:37:53]: §3[nLogin] [DEBUG] All proxy settings were loaded in 2 ms.
[2024/11/10 05:37:53]: §3[nLogin] [DEBUG] Loading database...
[2024/11/10 05:37:54]: §3[nLogin] [DEBUG] Starting logger filter...
[2024/11/10 05:39:11]: §3[nLogin] [DEBUG] [SQLite] [UPDATE]: "UPDATE `nlogin` SET `last_name` = 'C4M1LL3', `unique_id` = f2a6e6c5bef731658089b7ba84fc2444,  `mojang_id` = null,  `bedrock_id` = null,  `password` = '$2a$10$uOZXVP8qKL9DlDmpoySLF.55Pykd/9B1tcCtU65Q2Vs7wG5KIiuAK', `last_ip` = '181.237.191.248', `creation_date` = 2024-11-10 04:52:13.058, `last_seen` = 2024-11-10 05:39:11.244, `email` = null, `discord` = null, `settings` = '{"settings":[{"value":"en","key":"language"}],"version":0}' WHERE `ai` = 1" (applied to [last_ip, last_seen, settings] columns)
[2024/11/10 05:39:11]: §4[nLogin] [ERROR] §cUnexpected error during sending plugin message via ProtocolLib
java.lang.ExceptionInInitializerError
	at com.comphenix.protocol.wrappers.CustomPacketPayloadWrapper.<clinit>(CustomPacketPayloadWrapper.java:93)
	at com.comphenix.protocol.events.AbstractStructure.getCustomPacketPayloads(AbstractStructure.java:978)
	at com.nickuc.login.πιμΦζΩτχβΦγυξΛ.a(:123)
	at com.nickuc.login.ξπξξςκγχ.b(:75)
	at com.nickuc.login.ξπξξςκγχ.a(:123)
	at com.nickuc.login.γδδΛζΨφδΠΛ.a(:71)
	at com.nickuc.login.ςτΩΦπρηΩΓ.a(:100)
	at com.nickuc.login.ςτΩΦπρηΩΓ.a(:114)
	at com.nickuc.login.ξΩνεξτεθΩΓυςπΩε.a(:83)
	at com.nickuc.login.ξξοηλξνΨ.b(:92)
	at com.nickuc.login.ΨπξΣευΣΠγςτ.d(:118)
	at org.bukkit.craftbukkit.v1_21_R1.scheduler.CraftTask.run(CraftTask.java:82)
	at org.bukkit.craftbukkit.v1_21_R1.scheduler.CraftAsyncTask.run(CraftAsyncTask.java:54)
	at java.base/java.util.concurrent.ThreadPoolExecutor.runWorker(ThreadPoolExecutor.java:1144)
	at java.base/java.util.concurrent.ThreadPoolExecutor$Worker.run(ThreadPoolExecutor.java:642)
	at java.base/java.lang.Thread.run(Thread.java:1583)
Caused by: java.lang.IllegalArgumentException: Unable to find a method that matches {modifiers=[required: 0, banned: 1000], return={ type exactly class net.minecraft.resources.MinecraftKey }, paramCount=0}
	at com.comphenix.protocol.reflect.FuzzyReflection.getMethod(FuzzyReflection.java:193)
	at com.comphenix.protocol.wrappers.CustomPacketPayloadWrapper.<clinit>(CustomPacketPayloadWrapper.java:58)
	... 15 more
[2024/11/10 05:39:11]: [nLogin] The user C4M1LL3 has successfully logged in.
[2024/11/10 08:15:44]: §3[nLogin] [DEBUG] [SQLite] [UPDATE]: "UPDATE `nlogin` SET `last_name` = 'C4M1LL3', `unique_id` = f2a6e6c5bef731658089b7ba84fc2444,  `mojang_id` = null,  `bedrock_id` = null,  `password` = '$2a$10$uOZXVP8qKL9DlDmpoySLF.55Pykd/9B1tcCtU65Q2Vs7wG5KIiuAK', `last_ip` = '181.237.191.248', `creation_date` = 2024-11-10 04:52:13.058, `last_seen` = 2024-11-10 08:15:44.164, `email` = null, `discord` = null, `settings` = '{"settings":[{"value":"en","key":"language"}],"version":0}' WHERE `ai` = 1" (applied to [last_seen, settings] columns)
[2024/11/10 08:18:37]: [nLogin] Successful plugin core shutdown (took 0.03s)
