[05:19:41] [ServerMain/INFO]: Environment: Environment[sessionHost=https://sessionserver.mojang.com, servicesHost=https://api.minecraftservices.com, name=PROD]
[05:19:46] [ServerMain/INFO]: Loaded 1290 recipes
[05:19:48] [Server thread/INFO]: Starting minecraft server version 1.21
[05:19:48] [Server thread/INFO]: Loading properties
[05:19:48] [Server thread/INFO]: This server is running CraftBukkit version 4226-Spigot-146439e-2889b3a (MC: 1.21) (Implementing API version 1.21-R0.1-SNAPSHOT)
[05:19:49] [Server thread/INFO]: Debug logging is disabled
[05:19:49] [Server thread/INFO]: Server Ping Player Sample Count: 12
[05:19:49] [Server thread/INFO]: Using 4 threads for Netty based IO
[05:19:49] [Server thread/INFO]: Default game type: SURVIVAL
[05:19:49] [Server thread/INFO]: Generating keypair
[05:19:49] [Server thread/INFO]: Starting Minecraft server on *:25565
[05:19:49] [Server thread/INFO]: Using epoll channel type
[05:19:50] [Server thread/INFO]: [nAntiBot] Loading nAntiBot v6.1.25
[05:19:51] [Server thread/INFO]: [nAntiBot] Relocating dependencies...
[05:19:58] [Server thread/INFO]: [nAntiBot] All dependencies were loaded successfully. Took 7.38s
[05:19:59] [Server thread/INFO]: [ProtocolLib] Loading ProtocolLib v5.4.0-SNAPSHOT-736
[05:20:00] [Server thread/INFO]: [nLogin] Loading nLogin v10.4.13
[05:20:02] [Server thread/INFO]: [nAntiBot] Enabling nAntiBot v6.1.25
[05:20:02] [Server thread/INFO]: [nAntiBot] Successful plugin core start (took 0.44s)
[05:20:02] [Server thread/INFO]: [0;31;1m          _         _   _   ___       _   [m
[05:20:02] [Server thread/INFO]: [0;31;1m  _ __   /_\  _ __ | |_(_) / __\ ___ | |_ [m
[05:20:02] [Server thread/INFO]: [0;31;1m | '_ \ //_\\| '_ \| __| |/__\/// _ \| __|[m
[05:20:02] [Server thread/INFO]: [0;31;1m | | | /  _  \ | | | |_| / \/  \ (_) | |_ [m
[05:20:02] [Server thread/INFO]: [0;31;1m |_| |_\_/ \_/_| |_|\__|_\_____/\___/ \__|[m
[05:20:02] [Server thread/INFO]: [0;31;1m                                         [m
[05:20:02] [Server thread/INFO]: [0;31;1m By: www.nickuc.com - V 6.1.25[m
[05:20:02] [Server thread/INFO]: [m
[05:20:04] [Server thread/INFO]: [ProtocolLib] Enabling ProtocolLib v5.4.0-SNAPSHOT-736
[05:20:04] [Server thread/INFO]: [nLogin] Enabling nLogin v10.4.13
[05:20:04] [Server thread/INFO]: [nLogin] Successful plugin core start (took 0.46s)
[05:20:04] [Server thread/INFO]: [0;34;1m          __             _       [m
[05:20:04] [Server thread/INFO]: [0;34;1m  _ __   / /  ___   __ _(_)_ __  [m
[05:20:04] [Server thread/INFO]: [0;34;1m | '_ \ / /  / _ \ / _` | | '_ \ [m
[05:20:04] [Server thread/INFO]: [0;34;1m | | | / /__| (_) | (_| | | | | |[m
[05:20:04] [Server thread/INFO]: [0;34;1m |_| |_\____/\___/ \__, |_|_| |_|[m
[05:20:04] [Server thread/INFO]: [0;34;1m                  |___/            [m
[05:20:04] [Server thread/INFO]: [0;34;1m By: www.nickuc.com - V 10.4.13 DEVELOPMENT[m
[05:20:04] [Server thread/INFO]: [0;34;1m [m
[05:20:06] [Server thread/WARN]: **** SERVER IS RUNNING IN OFFLINE/INSECURE MODE!
[05:20:06] [Server thread/WARN]: The server will make no attempt to authenticate usernames. Beware.
[05:20:06] [Server thread/WARN]: While this makes the game possible to play without internet access, it also opens up the ability for hackers to connect with any username they choose.
[05:20:06] [Server thread/WARN]: To change this, set "online-mode" to "true" in the server.properties file.
[05:20:06] [Server thread/INFO]: Preparing level "world"
[05:20:06] [Server thread/INFO]: -------- World Settings For [world] --------
[05:20:06] [Server thread/INFO]: Arrow Despawn Rate: 1200 Trident Respawn Rate:1200
[05:20:06] [Server thread/INFO]: Item Despawn Rate: 6000
[05:20:06] [Server thread/INFO]: Item Merge Radius: 2.5
[05:20:06] [Server thread/INFO]: View Distance: 10
[05:20:06] [Server thread/INFO]: Simulation Distance: 10
[05:20:06] [Server thread/INFO]: Allow Zombie Pigmen to spawn from portal blocks: true
[05:20:06] [Server thread/INFO]: Zombie Aggressive Towards Villager: true
[05:20:06] [Server thread/INFO]: Nerfing mobs spawned from spawners: false
[05:20:06] [Server thread/INFO]: Experience Merge Radius: 3.0
[05:20:06] [Server thread/INFO]: Mob Spawn Range: 6
[05:20:06] [Server thread/INFO]: Custom Map Seeds:  Village: 10387312 Desert: 14357617 Igloo: 14357618 Jungle: 14357619 Swamp: 14357620 Monument: 10387313 Ocean: 14357621 Shipwreck: 165745295 End City: 10387313 Slime: 987234911 Nether: 30084232 Mansion: 10387319 Fossil: 14357921 Portal: 34222645
[05:20:06] [Server thread/INFO]: Max TNT Explosions: 100
[05:20:06] [Server thread/INFO]: Tile Max Tick Time: 50ms Entity max Tick Time: 50ms
[05:20:06] [Server thread/INFO]: Cactus Growth Modifier: 100%
[05:20:06] [Server thread/INFO]: Cane Growth Modifier: 100%
[05:20:06] [Server thread/INFO]: Melon Growth Modifier: 100%
[05:20:06] [Server thread/INFO]: Mushroom Growth Modifier: 100%
[05:20:06] [Server thread/INFO]: Pumpkin Growth Modifier: 100%
[05:20:06] [Server thread/INFO]: Sapling Growth Modifier: 100%
[05:20:06] [Server thread/INFO]: Beetroot Growth Modifier: 100%
[05:20:06] [Server thread/INFO]: Carrot Growth Modifier: 100%
[05:20:06] [Server thread/INFO]: Potato Growth Modifier: 100%
[05:20:06] [Server thread/INFO]: Wheat Growth Modifier: 100%
[05:20:06] [Server thread/INFO]: NetherWart Growth Modifier: 100%
[05:20:06] [Server thread/INFO]: Vine Growth Modifier: 100%
[05:20:06] [Server thread/INFO]: Cocoa Growth Modifier: 100%
[05:20:06] [Server thread/INFO]: Bamboo Growth Modifier: 100%
[05:20:06] [Server thread/INFO]: SweetBerry Growth Modifier: 100%
[05:20:06] [Server thread/INFO]: Kelp Growth Modifier: 100%
[05:20:06] [Server thread/INFO]: TwistingVines Growth Modifier: 100%
[05:20:06] [Server thread/INFO]: WeepingVines Growth Modifier: 100%
[05:20:06] [Server thread/INFO]: CaveVines Growth Modifier: 100%
[05:20:06] [Server thread/INFO]: Entity Activation Range: An 32 / Mo 32 / Ra 48 / Mi 16 / Tiv true / Isa false
[05:20:06] [Server thread/INFO]: Entity Tracking Range: Pl 48 / An 48 / Mo 48 / Mi 32 / Di 128 / Other 64
[05:20:06] [Server thread/INFO]: Hopper Transfer: 8 Hopper Check: 1 Hopper Amount: 1 Hopper Can Load Chunks: false
[05:20:07] [Server thread/INFO]: -------- World Settings For [world_nether] --------
[05:20:07] [Server thread/INFO]: Arrow Despawn Rate: 1200 Trident Respawn Rate:1200
[05:20:07] [Server thread/INFO]: Item Despawn Rate: 6000
[05:20:07] [Server thread/INFO]: Item Merge Radius: 2.5
[05:20:07] [Server thread/INFO]: View Distance: 10
[05:20:07] [Server thread/INFO]: Simulation Distance: 10
[05:20:07] [Server thread/INFO]: Allow Zombie Pigmen to spawn from portal blocks: true
[05:20:07] [Server thread/INFO]: Zombie Aggressive Towards Villager: true
[05:20:07] [Server thread/INFO]: Nerfing mobs spawned from spawners: false
[05:20:07] [Server thread/INFO]: Experience Merge Radius: 3.0
[05:20:07] [Server thread/INFO]: Mob Spawn Range: 6
[05:20:07] [Server thread/INFO]: Custom Map Seeds:  Village: 10387312 Desert: 14357617 Igloo: 14357618 Jungle: 14357619 Swamp: 14357620 Monument: 10387313 Ocean: 14357621 Shipwreck: 165745295 End City: 10387313 Slime: 987234911 Nether: 30084232 Mansion: 10387319 Fossil: 14357921 Portal: 34222645
[05:20:07] [Server thread/INFO]: Max TNT Explosions: 100
[05:20:07] [Server thread/INFO]: Tile Max Tick Time: 50ms Entity max Tick Time: 50ms
[05:20:07] [Server thread/INFO]: Cactus Growth Modifier: 100%
[05:20:07] [Server thread/INFO]: Cane Growth Modifier: 100%
[05:20:07] [Server thread/INFO]: Melon Growth Modifier: 100%
[05:20:07] [Server thread/INFO]: Mushroom Growth Modifier: 100%
[05:20:07] [Server thread/INFO]: Pumpkin Growth Modifier: 100%
[05:20:07] [Server thread/INFO]: Sapling Growth Modifier: 100%
[05:20:07] [Server thread/INFO]: Beetroot Growth Modifier: 100%
[05:20:07] [Server thread/INFO]: Carrot Growth Modifier: 100%
[05:20:07] [Server thread/INFO]: Potato Growth Modifier: 100%
[05:20:07] [Server thread/INFO]: Wheat Growth Modifier: 100%
[05:20:07] [Server thread/INFO]: NetherWart Growth Modifier: 100%
[05:20:07] [Server thread/INFO]: Vine Growth Modifier: 100%
[05:20:07] [Server thread/INFO]: Cocoa Growth Modifier: 100%
[05:20:07] [Server thread/INFO]: Bamboo Growth Modifier: 100%
[05:20:07] [Server thread/INFO]: SweetBerry Growth Modifier: 100%
[05:20:07] [Server thread/INFO]: Kelp Growth Modifier: 100%
[05:20:07] [Server thread/INFO]: TwistingVines Growth Modifier: 100%
[05:20:07] [Server thread/INFO]: WeepingVines Growth Modifier: 100%
[05:20:07] [Server thread/INFO]: CaveVines Growth Modifier: 100%
[05:20:07] [Server thread/INFO]: Entity Activation Range: An 32 / Mo 32 / Ra 48 / Mi 16 / Tiv true / Isa false
[05:20:07] [Server thread/INFO]: Entity Tracking Range: Pl 48 / An 48 / Mo 48 / Mi 32 / Di 128 / Other 64
[05:20:07] [Server thread/INFO]: Hopper Transfer: 8 Hopper Check: 1 Hopper Amount: 1 Hopper Can Load Chunks: false
[05:20:15] [Server thread/INFO]: -------- World Settings For [world_the_end] --------
[05:20:15] [Server thread/INFO]: Arrow Despawn Rate: 1200 Trident Respawn Rate:1200
[05:20:15] [Server thread/INFO]: Item Despawn Rate: 6000
[05:20:15] [Server thread/INFO]: Item Merge Radius: 2.5
[05:20:15] [Server thread/INFO]: View Distance: 10
[05:20:15] [Server thread/INFO]: Simulation Distance: 10
[05:20:15] [Server thread/INFO]: Allow Zombie Pigmen to spawn from portal blocks: true
[05:20:15] [Server thread/INFO]: Zombie Aggressive Towards Villager: true
[05:20:15] [Server thread/INFO]: Nerfing mobs spawned from spawners: false
[05:20:15] [Server thread/INFO]: Experience Merge Radius: 3.0
[05:20:15] [Server thread/INFO]: Mob Spawn Range: 6
[05:20:15] [Server thread/INFO]: Custom Map Seeds:  Village: 10387312 Desert: 14357617 Igloo: 14357618 Jungle: 14357619 Swamp: 14357620 Monument: 10387313 Ocean: 14357621 Shipwreck: 165745295 End City: 10387313 Slime: 987234911 Nether: 30084232 Mansion: 10387319 Fossil: 14357921 Portal: 34222645
[05:20:15] [Server thread/INFO]: Max TNT Explosions: 100
[05:20:15] [Server thread/INFO]: Tile Max Tick Time: 50ms Entity max Tick Time: 50ms
[05:20:15] [Server thread/INFO]: Cactus Growth Modifier: 100%
[05:20:15] [Server thread/INFO]: Cane Growth Modifier: 100%
[05:20:15] [Server thread/INFO]: Melon Growth Modifier: 100%
[05:20:15] [Server thread/INFO]: Mushroom Growth Modifier: 100%
[05:20:15] [Server thread/INFO]: Pumpkin Growth Modifier: 100%
[05:20:15] [Server thread/INFO]: Sapling Growth Modifier: 100%
[05:20:15] [Server thread/INFO]: Beetroot Growth Modifier: 100%
[05:20:15] [Server thread/INFO]: Carrot Growth Modifier: 100%
[05:20:15] [Server thread/INFO]: Potato Growth Modifier: 100%
[05:20:15] [Server thread/INFO]: Wheat Growth Modifier: 100%
[05:20:15] [Server thread/INFO]: NetherWart Growth Modifier: 100%
[05:20:15] [Server thread/INFO]: Vine Growth Modifier: 100%
[05:20:15] [Server thread/INFO]: Cocoa Growth Modifier: 100%
[05:20:15] [Server thread/INFO]: Bamboo Growth Modifier: 100%
[05:20:15] [Server thread/INFO]: SweetBerry Growth Modifier: 100%
[05:20:15] [Server thread/INFO]: Kelp Growth Modifier: 100%
[05:20:15] [Server thread/INFO]: TwistingVines Growth Modifier: 100%
[05:20:15] [Server thread/INFO]: WeepingVines Growth Modifier: 100%
[05:20:15] [Server thread/INFO]: CaveVines Growth Modifier: 100%
[05:20:15] [Server thread/INFO]: Entity Activation Range: An 32 / Mo 32 / Ra 48 / Mi 16 / Tiv true / Isa false
[05:20:15] [Server thread/INFO]: Entity Tracking Range: Pl 48 / An 48 / Mo 48 / Mi 32 / Di 128 / Other 64
[05:20:15] [Server thread/INFO]: Hopper Transfer: 8 Hopper Check: 1 Hopper Amount: 1 Hopper Can Load Chunks: false
[05:20:15] [Server thread/INFO]: Preparing start region for dimension minecraft:overworld
[05:20:17] [Worker-Main-1/INFO]: Preparing spawn area: 0%
[05:20:17] [Worker-Main-1/INFO]: Preparing spawn area: 0%
[05:20:17] [Worker-Main-1/INFO]: Preparing spawn area: 0%
[05:20:17] [Worker-Main-1/INFO]: Preparing spawn area: 0%
[05:20:17] [Worker-Main-1/INFO]: Preparing spawn area: 0%
[05:20:17] [Worker-Main-1/INFO]: Preparing spawn area: 0%
[05:20:18] [Worker-Main-1/INFO]: Preparing spawn area: 7%
[05:20:18] [Worker-Main-1/INFO]: Preparing spawn area: 15%
[05:20:19] [Worker-Main-1/INFO]: Preparing spawn area: 47%
[05:20:20] [Server thread/INFO]: Time elapsed: 4905 ms
[05:20:20] [Server thread/INFO]: Preparing start region for dimension minecraft:the_nether
[05:20:20] [Worker-Main-1/INFO]: Preparing spawn area: 0%
[05:20:20] [Worker-Main-1/INFO]: Preparing spawn area: 1%
[05:20:21] [Worker-Main-1/INFO]: Preparing spawn area: 21%
[05:20:21] [Worker-Main-1/INFO]: Preparing spawn area: 45%
[05:20:22] [Worker-Main-1/INFO]: Preparing spawn area: 45%
[05:20:22] [Worker-Main-1/INFO]: Preparing spawn area: 45%
[05:20:24] [Server thread/INFO]: Time elapsed: 4298 ms
[05:20:24] [Server thread/INFO]: Preparing start region for dimension minecraft:the_end
[05:20:24] [Worker-Main-1/INFO]: Preparing spawn area: 0%
[05:20:25] [Worker-Main-1/INFO]: Preparing spawn area: 9%
[05:20:25] [Worker-Main-1/INFO]: Preparing spawn area: 54%
[05:20:26] [Server thread/INFO]: Time elapsed: 1586 ms
[05:20:26] [Server thread/INFO]: Server permissions file permissions.yml is empty, ignoring it
[05:20:26] [Server thread/INFO]: Done (19.939s)! For help, type "help"
[05:20:26] [Craft Scheduler Thread - 0/INFO]: [nAntiBot] Connecting to the remote server antibot.nickuc.com...
[05:20:29] [Server thread/WARN]: Can't keep up! Is the server overloaded? Running 2670ms or 53 ticks behind
[05:20:52] [pool-8-thread-1/INFO]: [nAntiBot] [Captcha] Captchas generated successfully. (RAM usage ≃ 8 MB [static only], total = 500, protocol count = 44, threads = 1, took 49.79s)
[05:22:58] [User Authenticator #1/INFO]: UUID of player C4M1LL3 is f2a6e6c5-bef7-3165-8089-b7ba84fc2444
[05:23:00] [Server thread/INFO]: C4M1LL3[/181.237.191.248:58538] logged in with entity id 550 at ([world]37.89026349377615, 73.0, -403.8448332935051)
[05:23:13] [Craft Scheduler Thread - 6/ERROR]: [nLogin] Unexpected error during sending plugin message via ProtocolLib
java.lang.ExceptionInInitializerError: null
	at com.comphenix.protocol.wrappers.CustomPacketPayloadWrapper.<clinit>(CustomPacketPayloadWrapper.java:93) ~[?:?]
	at com.comphenix.protocol.events.AbstractStructure.getCustomPacketPayloads(AbstractStructure.java:978) ~[?:?]
	at com.nickuc.login.πιμΦζΩτχβΦγυξΛ.a(:123) ~[?:?]
	at com.nickuc.login.ξπξξςκγχ.b(:75) ~[?:?]
	at com.nickuc.login.ξπξξςκγχ.a(:123) ~[?:?]
	at com.nickuc.login.γδδΛζΨφδΠΛ.a(:71) ~[?:?]
	at com.nickuc.login.ςτΩΦπρηΩΓ.a(:100) ~[?:?]
	at com.nickuc.login.ςτΩΦπρηΩΓ.a(:114) ~[?:?]
	at com.nickuc.login.ξΩνεξτεθΩΓυςπΩε.a(:83) ~[?:?]
	at com.nickuc.login.ξξοηλξνΨ.b(:92) ~[?:?]
	at com.nickuc.login.ΨπξΣευΣΠγςτ.d(:118) ~[?:?]
	at org.bukkit.craftbukkit.v1_21_R1.scheduler.CraftTask.run(CraftTask.java:82) ~[spigot-1.21-R0.1-SNAPSHOT.jar:4226-Spigot-146439e-2889b3a]
	at org.bukkit.craftbukkit.v1_21_R1.scheduler.CraftAsyncTask.run(CraftAsyncTask.java:54) ~[spigot-1.21-R0.1-SNAPSHOT.jar:4226-Spigot-146439e-2889b3a]
	at java.base/java.util.concurrent.ThreadPoolExecutor.runWorker(ThreadPoolExecutor.java:1144) ~[?:?]
	at java.base/java.util.concurrent.ThreadPoolExecutor$Worker.run(ThreadPoolExecutor.java:642) ~[?:?]
	at java.base/java.lang.Thread.run(Thread.java:1583) [?:?]
Caused by: java.lang.IllegalArgumentException: Unable to find a method that matches {modifiers=[required: 0, banned: 1000], return={ type exactly class net.minecraft.resources.MinecraftKey }, paramCount=0}
	at com.comphenix.protocol.reflect.FuzzyReflection.getMethod(FuzzyReflection.java:193) ~[?:?]
	at com.comphenix.protocol.wrappers.CustomPacketPayloadWrapper.<clinit>(CustomPacketPayloadWrapper.java:58) ~[?:?]
	... 15 more
[05:23:13] [Craft Scheduler Thread - 6/INFO]: [nLogin] The user C4M1LL3 has successfully logged in.
[05:23:20] [Server thread/INFO]: C4M1LL3 lost connection: Disconnected
[05:23:25] [Server thread/INFO]: Stopping the server
[05:23:25] [Server thread/INFO]: Stopping server
[05:23:25] [Server thread/INFO]: [nLogin] Disabling nLogin v10.4.13
[05:23:25] [Server thread/INFO]: [nLogin] Successful plugin core shutdown (took 0.00s)
[05:23:25] [Server thread/INFO]: [ProtocolLib] Disabling ProtocolLib v5.4.0-SNAPSHOT-736
[05:23:25] [Server thread/INFO]: [nAntiBot] Disabling nAntiBot v6.1.25
[05:23:25] [Server thread/INFO]: [nAntiBot] Successful plugin core shutdown (took 0.00s)
[05:23:25] [Server thread/INFO]: [nAntiBot] Disconnecting from remote server...
[05:23:27] [Server thread/INFO]: Saving players
[05:23:27] [Server thread/INFO]: Saving worlds
[05:23:31] [Server thread/INFO]: Saving chunks for level 'ServerLevel[world]'/minecraft:overworld
[05:23:33] [Server thread/INFO]: Saving chunks for level 'ServerLevel[world_nether]'/minecraft:the_nether
[05:23:34] [Server thread/INFO]: Saving chunks for level 'ServerLevel[world_the_end]'/minecraft:the_end
[05:23:34] [Server thread/INFO]: ThreadedAnvilChunkStorage (world): All chunks are saved
[05:23:34] [Server thread/INFO]: ThreadedAnvilChunkStorage (DIM-1): All chunks are saved
[05:23:34] [Server thread/INFO]: ThreadedAnvilChunkStorage (DIM1): All chunks are saved
[05:23:34] [Server thread/INFO]: ThreadedAnvilChunkStorage: All dimensions are saved
